#
# There is insufficient memory for the Java Runtime Environment to continue.
# Native memory allocation (malloc) failed to allocate 1048576 bytes for AllocateHeap
# Possible reasons:
#   The system is out of physical RAM or swap space
#   In 32 bit mode, the process size limit was hit
# Possible solutions:
#   Reduce memory load on the system
#   Increase physical memory or swap space
#   Check if swap backing store is full
#   Use 64 bit Java on a 64 bit OS
#   Decrease Java heap size (-Xmx/-Xms)
#   Decrease number of Java threads
#   Decrease Java thread stack sizes (-Xss)
#   Set larger code cache with -XX:ReservedCodeCacheSize=
# This output file may be truncated or incomplete.
#
#  Out of Memory Error (memory/allocation.inline.hpp:61), pid=17664, tid=0x000000000000461c
#
# JRE version:  (8.0_102-b14) (build )
# Java VM: Java HotSpot(TM) 64-Bit Server VM (25.102-b14 mixed mode windows-amd64 compressed oops)
# Failed to write core dump. Minidumps are not enabled by default on client versions of Windows
#

---------------  T H R E A D  ---------------

Current thread (0x0000000003441000):  JavaThread "Unknown thread" [_thread_in_vm, id=17948, stack(0x00000000032a0000,0x00000000033a0000)]

Stack: [0x00000000032a0000,0x00000000033a0000]
[error occurred during error reporting (printing stack bounds), id 0xc0000005]

Native frames: (J=compiled Java code, j=interpreted, Vv=VM code, C=native code)


---------------  P R O C E S S  ---------------

Java Threads: ( => current thread )

Other Threads:

=>0x0000000003441000 (exited) JavaThread "Unknown thread" [_thread_in_vm, id=17948, stack(0x00000000032a0000,0x00000000033a0000)]

VM state:not at safepoint (normal execution)

VM Mutex/Monitor currently owned by a thread: None

Heap:
 PSYoungGen      total 18944K, used 327K [0x00000000feb00000, 0x0000000100000000, 0x0000000100000000)
  eden space 16384K, 2% used [0x00000000feb00000,0x00000000feb51ec8,0x00000000ffb00000)
  from space 2560K, 0% used [0x00000000ffd80000,0x00000000ffd80000,0x0000000100000000)
  to   space 2560K, 0% used [0x00000000ffb00000,0x00000000ffb00000,0x00000000ffd80000)
 ParOldGen       total 44032K, used 0K [0x00000000fc000000, 0x00000000feb00000, 0x00000000feb00000)
  object space 44032K, 0% used [0x00000000fc000000,0x00000000fc000000,0x00000000feb00000)
 Metaspace       used 770K, capacity 4480K, committed 4480K, reserved 1056768K
  class space    used 75K, capacity 384K, committed 384K, reserved 1048576K

Card table byte_map: [0x00000000030e0000,0x0000000003110000] byte_map_base: 0x0000000002900000

Marking Bits: (ParMarkBitMap*) 0x000000005977a6c0
 Begin Bits: [0x0000000013100000, 0x0000000013200000)
 End Bits:   [0x0000000013200000, 0x0000000013300000)

Polling page: 0x0000000001910000

CodeCache: size=245760Kb used=327Kb max_used=327Kb free=245432Kb
 bounds [0x0000000003540000, 0x00000000037b0000, 0x0000000012540000]
 total_blobs=57 nmethods=0 adapters=38
 compilation: enabled

Compilation events (0 events):
No events

GC Heap History (0 events):
No events

Deoptimization events (0 events):
No events

Internal exceptions (0 events):
No events

Events (10 events):
Event: 0.025 loading class java/lang/Short
Event: 0.025 loading class java/lang/Short done
Event: 0.025 loading class java/lang/Integer
Event: 0.025 loading class java/lang/Integer done
Event: 0.025 loading class java/lang/Long
Event: 0.025 loading class java/lang/Long done
Event: 0.026 loading class java/lang/NullPointerException
Event: 0.026 loading class java/lang/NullPointerException done
Event: 0.026 loading class java/lang/ArithmeticException
Event: 0.026 loading class java/lang/ArithmeticException done


Dynamic libraries:
0x00007ff7b8600000 - 0x00007ff7b8637000 	C:\Program Files\Java\jdk1.8.0_102\bin\java.exe
0x00007ffe7da40000 - 0x00007ffe7dc21000 	C:\WINDOWS\SYSTEM32\ntdll.dll
0x00007ffe7d6e0000 - 0x00007ffe7d792000 	C:\WINDOWS\System32\KERNEL32.DLL
0x00007ffe7a100000 - 0x00007ffe7a373000 	C:\WINDOWS\System32\KERNELBASE.dll
0x00007ffe7d830000 - 0x00007ffe7d8d1000 	C:\WINDOWS\System32\ADVAPI32.dll
0x00007ffe7af70000 - 0x00007ffe7b00e000 	C:\WINDOWS\System32\msvcrt.dll
0x00007ffe7c6c0000 - 0x00007ffe7c71b000 	C:\WINDOWS\System32\sechost.dll
0x00007ffe7d510000 - 0x00007ffe7d634000 	C:\WINDOWS\System32\RPCRT4.dll
0x00007ffe7d380000 - 0x00007ffe7d510000 	C:\WINDOWS\System32\USER32.dll
0x00007ffe7a570000 - 0x00007ffe7a590000 	C:\WINDOWS\System32\win32u.dll
0x00007ffe7c8a0000 - 0x00007ffe7c8c8000 	C:\WINDOWS\System32\GDI32.dll
0x00007ffe79f60000 - 0x00007ffe7a0f2000 	C:\WINDOWS\System32\gdi32full.dll
0x00007ffe79e10000 - 0x00007ffe79eaf000 	C:\WINDOWS\System32\msvcp_win.dll
0x00007ffe7aca0000 - 0x00007ffe7ad9a000 	C:\WINDOWS\System32\ucrtbase.dll
0x00007ffe720b0000 - 0x00007ffe72319000 	C:\WINDOWS\WinSxS\amd64_microsoft.windows.common-controls_6595b64144ccf1df_6.0.17134.112_none_fb3f961b30681c12\COMCTL32.dll
0x00007ffe7cea0000 - 0x00007ffe7d1c3000 	C:\WINDOWS\System32\combase.dll
0x00007ffe7ada0000 - 0x00007ffe7ae1a000 	C:\WINDOWS\System32\bcryptPrimitives.dll
0x00007ffe7d800000 - 0x00007ffe7d82d000 	C:\WINDOWS\System32\IMM32.DLL
0x0000000059800000 - 0x00000000598d1000 	C:\Program Files\Java\jdk1.8.0_102\jre\bin\msvcr100.dll
0x0000000058f60000 - 0x00000000597fa000 	C:\Program Files\Java\jdk1.8.0_102\jre\bin\server\jvm.dll
0x00007ffe7d370000 - 0x00007ffe7d378000 	C:\WINDOWS\System32\PSAPI.DLL
0x00007ffe68610000 - 0x00007ffe68619000 	C:\WINDOWS\SYSTEM32\WSOCK32.dll
0x00007ffe73de0000 - 0x00007ffe73dea000 	C:\WINDOWS\SYSTEM32\VERSION.dll
0x00007ffe776a0000 - 0x00007ffe776c3000 	C:\WINDOWS\SYSTEM32\WINMM.dll
0x00007ffe7b0c0000 - 0x00007ffe7b12c000 	C:\WINDOWS\System32\WS2_32.dll
0x00007ffe77670000 - 0x00007ffe7769a000 	C:\WINDOWS\SYSTEM32\winmmbase.dll
0x00007ffe79f10000 - 0x00007ffe79f59000 	C:\WINDOWS\System32\cfgmgr32.dll
0x0000000058f50000 - 0x0000000058f5f000 	C:\Program Files\Java\jdk1.8.0_102\jre\bin\verify.dll
0x0000000058f20000 - 0x0000000058f49000 	C:\Program Files\Java\jdk1.8.0_102\jre\bin\java.dll
0x0000000058f00000 - 0x0000000058f16000 	C:\Program Files\Java\jdk1.8.0_102\jre\bin\zip.dll

VM Arguments:
jvm_args: -Xmx64M -Dcom.android.sdkmanager.toolsdir=C:/Users/Michael/android-sdks\tools -Dfile.encoding=UTF8 
java_command: C:\Program Files\Unity\Editor\Data\PlaybackEngines\AndroidPlayer/Tools\sdktools.jar -
java_class_path (initial): C:\Program Files\Unity\Editor\Data\PlaybackEngines\AndroidPlayer/Tools\sdktools.jar
Launcher Type: SUN_STANDARD

Environment Variables:
PATH=C:\ProgramData\Oracle\Java\javapath;C:\WINDOWS\system32;C:\WINDOWS;C:\WINDOWS\System32\Wbem;C:\WINDOWS\System32\WindowsPowerShell\v1.0\;C:\Program Files (x86)\Skype\Phone\;C:\Program Files (x86)\NVIDIA Corporation\PhysX\Common;C:\Program Files (x86)\Windows Live\Shared;C:\WINDOWS\system32;C:\WINDOWS;C:\WINDOWS\System32\Wbem;C:\WINDOWS\System32\WindowsPowerShell\v1.0\;C:\Program Files (x86)\GtkSharp\2.12\bin;C:\Program Files (x86)\Brackets\command;C:\WINDOWS\System32\OpenSSH\;C:\Users\Michael\AppData\Local\Microsoft\WindowsApps;C:\Program Files (x86)\EaseUS\Todo Backup\bin\x64\
USERNAME=Michael
OS=Windows_NT
PROCESSOR_IDENTIFIER=AMD64 Family 21 Model 2 Stepping 0, AuthenticAMD



---------------  S Y S T E M  ---------------

OS: Windows 10.0 , 64 bit Build 17134 (10.0.17134.1)

CPU:total 8 (8 cores per cpu, 1 threads per core) family 21 model 2 stepping 0, cmov, cx8, fxsr, mmx, sse, sse2, sse3, ssse3, sse4.1, sse4.2, popcnt, avx, aes, clmul, mmxext, 3dnowpref, lzcnt, sse4a, tsc, tscinvbit, tscinv, bmi1

Memory: 4k page, physical 8335704k(2983780k free), swap 33501528k(7144k free)

vm_info: Java HotSpot(TM) 64-Bit Server VM (25.102-b14) for windows-amd64 JRE (1.8.0_102-b14), built on Jun 22 2016 13:15:21 by "java_re" with MS VC++ 10.0 (VS2010)

time: Sun Jul 15 21:59:10 2018
elapsed time: 0 seconds (0d 0h 0m 0s)

